[2024-02-01 11:01:22:542] [ERROR] - com.huafen.device.service.impl.IotDeviceRoomServiceImpl.queryIotDeviceRoomPageList(IotDeviceRoomServiceImpl.java:123) - 
### Error querying database.  Cause: com.mysql.jdbc.exceptions.jdbc4.MySQLSyntaxErrorException: You have an error in your SQL syntax; check the manual that corresponds to your MySQL server version for the right syntax to use near 'NULL,
					RM_ORDER,
					'HAVE' MEET_STATUS  
				FROM
					`t_call_service_roo' at line 7
### The error may exist in file [/Users/Shared/workspace/iot-device/target/classes/mapper/IotDeviceRoomMapper.xml]
### The error may involve com.huafen.device.mapper.IotDeviceRoomMapper.queryIotRoomPageList-Inline
### The error occurred while setting parameters
### SQL: SELECT      ROOM_ID,      ROOM_NAME,      ROOM_ADDR,      (SELECT A.FLOOR_ID FROM T_CALL_SERVICE_ROOM A WHERE A.SOURCE='0'AND A.ROOM_NAME = T.ROOM_NAME LIMIT 1 ) AS FLOOR_ID,      FLOOR,      ROOM_IMG NULL,      RM_ORDER,      'HAVE' MEET_STATUS       FROM      `t_call_service_room` T      WHERE      1 = 1                 AND T.SOURCE=?                                    ORDER BY ROOM_NAME ASC      LIMIT ?, ?
### Cause: com.mysql.jdbc.exceptions.jdbc4.MySQLSyntaxErrorException: You have an error in your SQL syntax; check the manual that corresponds to your MySQL server version for the right syntax to use near 'NULL,
					RM_ORDER,
					'HAVE' MEET_STATUS  
				FROM
					`t_call_service_roo' at line 7
; bad SQL grammar []; nested exception is com.mysql.jdbc.exceptions.jdbc4.MySQLSyntaxErrorException: You have an error in your SQL syntax; check the manual that corresponds to your MySQL server version for the right syntax to use near 'NULL,
					RM_ORDER,
					'HAVE' MEET_STATUS  
				FROM
					`t_call_service_roo' at line 7
